# JRE version: OpenJDK Runtime Environment (8.0_292-b10) (build 1.8.0_292-8u292-b10-0ubuntu1~20.04-b10)
# Java VM: OpenJDK 64-Bit Server VM (25.292-b10 mixed mode linux-amd64 compressed oops)
Heap:
 PSYoungGen      total 401920K, used 40355K [0x00000000d5580000, 0x00000000f1b00000, 0x0000000100000000)
  eden space 347648K, 0% used [0x00000000d5580000,0x00000000d5580000,0x00000000ea900000)
  from space 54272K, 74% used [0x00000000ea900000,0x00000000ed068c40,0x00000000ede00000)
  to   space 38400K, 0% used [0x00000000ede00000,0x00000000ede00000,0x00000000f0380000)
 ParOldGen       total 119808K, used 113489K [0x0000000080000000, 0x0000000087500000, 0x00000000d5580000)
  object space 119808K, 94% used [0x0000000080000000,0x0000000086ed4550,0x0000000087500000)
 Metaspace       used 76938K, capacity 83300K, committed 83352K, reserved 1120256K
  class space    used 10802K, capacity 12432K, committed 12464K, reserved 1048576K
GC Heap History (10 events):
Event: 14.526 GC heap after
Heap after GC invocations=11 (full 2):
 PSYoungGen      total 222720K, used 21496K [0x00000000d5580000, 0x00000000e8980000, 0x0000000100000000)
  eden space 201216K, 0% used [0x00000000d5580000,0x00000000d5580000,0x00000000e1a00000)
  from space 21504K, 99% used [0x00000000e1a00000,0x00000000e2efe3f8,0x00000000e2f00000)
  to   space 29696K, 0% used [0x00000000e6c80000,0x00000000e6c80000,0x00000000e8980000)
 ParOldGen       total 84480K, used 38615K [0x0000000080000000, 0x0000000085280000, 0x00000000d5580000)
  object space 84480K, 45% used [0x0000000080000000,0x00000000825b5db0,0x0000000085280000)
 Metaspace       used 56861K, capacity 58812K, committed 58928K, reserved 1099776K
  class space    used 7933K, capacity 8413K, committed 8496K, reserved 1048576K
}
Event: 14.615 GC heap before
{Heap before GC invocations=12 (full 2):
 PSYoungGen      total 222720K, used 29229K [0x00000000d5580000, 0x00000000e8980000, 0x0000000100000000)
  eden space 201216K, 3% used [0x00000000d5580000,0x00000000d5d0d1a8,0x00000000e1a00000)
  from space 21504K, 99% used [0x00000000e1a00000,0x00000000e2efe3f8,0x00000000e2f00000)
  to   space 29696K, 0% used [0x00000000e6c80000,0x00000000e6c80000,0x00000000e8980000)
 ParOldGen       total 84480K, used 38615K [0x0000000080000000, 0x0000000085280000, 0x00000000d5580000)
  object space 84480K, 45% used [0x0000000080000000,0x00000000825b5db0,0x0000000085280000)
 Metaspace       used 57154K, capacity 59096K, committed 59160K, reserved 1099776K
  class space    used 7970K, capacity 8459K, committed 8496K, reserved 1048576K
Event: 14.640 GC heap after
Heap after GC invocations=12 (full 2):
 PSYoungGen      total 283648K, used 22454K [0x00000000d5580000, 0x00000000eba80000, 0x0000000100000000)
  eden space 253952K, 0% used [0x00000000d5580000,0x00000000d5580000,0x00000000e4d80000)
  from space 29696K, 75% used [0x00000000e6c80000,0x00000000e826d890,0x00000000e8980000)
  to   space 31744K, 0% used [0x00000000e4d80000,0x00000000e4d80000,0x00000000e6c80000)
 ParOldGen       total 84480K, used 38623K [0x0000000080000000, 0x0000000085280000, 0x00000000d5580000)
  object space 84480K, 45% used [0x0000000080000000,0x00000000825b7db0,0x0000000085280000)
 Metaspace       used 57154K, capacity 59096K, committed 59160K, reserved 1099776K
  class space    used 7970K, capacity 8459K, committed 8496K, reserved 1048576K
}
Event: 14.640 GC heap before
{Heap before GC invocations=13 (full 3):
 PSYoungGen      total 283648K, used 22454K [0x00000000d5580000, 0x00000000eba80000, 0x0000000100000000)
  eden space 253952K, 0% used [0x00000000d5580000,0x00000000d5580000,0x00000000e4d80000)
  from space 29696K, 75% used [0x00000000e6c80000,0x00000000e826d890,0x00000000e8980000)
  to   space 31744K, 0% used [0x00000000e4d80000,0x00000000e4d80000,0x00000000e6c80000)
 ParOldGen       total 84480K, used 38623K [0x0000000080000000, 0x0000000085280000, 0x00000000d5580000)
  object space 84480K, 45% used [0x0000000080000000,0x00000000825b7db0,0x0000000085280000)
 Metaspace       used 57154K, capacity 59096K, committed 59160K, reserved 1099776K
  class space    used 7970K, capacity 8459K, committed 8496K, reserved 1048576K
Event: 14.916 GC heap after
Heap after GC invocations=13 (full 3):
 PSYoungGen      total 283648K, used 0K [0x00000000d5580000, 0x00000000eba80000, 0x0000000100000000)
  eden space 253952K, 0% used [0x00000000d5580000,0x00000000d5580000,0x00000000e4d80000)
  from space 29696K, 0% used [0x00000000e6c80000,0x00000000e6c80000,0x00000000e8980000)
  to   space 31744K, 0% used [0x00000000e4d80000,0x00000000e4d80000,0x00000000e6c80000)
 ParOldGen       total 119808K, used 44469K [0x0000000080000000, 0x0000000087500000, 0x00000000d5580000)
  object space 119808K, 37% used [0x0000000080000000,0x0000000082b6d7c0,0x0000000087500000)
 Metaspace       used 57154K, capacity 59096K, committed 59160K, reserved 1099776K
  class space    used 7970K, capacity 8459K, committed 8496K, reserved 1048576K
}
Event: 17.503 GC heap before
{Heap before GC invocations=14 (full 3):
 PSYoungGen      total 283648K, used 253952K [0x00000000d5580000, 0x00000000eba80000, 0x0000000100000000)
  eden space 253952K, 100% used [0x00000000d5580000,0x00000000e4d80000,0x00000000e4d80000)
  from space 29696K, 0% used [0x00000000e6c80000,0x00000000e6c80000,0x00000000e8980000)
  to   space 31744K, 0% used [0x00000000e4d80000,0x00000000e4d80000,0x00000000e6c80000)
 ParOldGen       total 119808K, used 44469K [0x0000000080000000, 0x0000000087500000, 0x00000000d5580000)
  object space 119808K, 37% used [0x0000000080000000,0x0000000082b6d7c0,0x0000000087500000)
 Metaspace       used 65124K, capacity 69412K, committed 69528K, reserved 1107968K
  class space    used 9218K, capacity 10338K, committed 10416K, reserved 1048576K
Event: 17.549 GC heap after
Heap after GC invocations=14 (full 3):
 PSYoungGen      total 285696K, used 31733K [0x00000000d5580000, 0x00000000f0380000, 0x0000000100000000)
  eden space 253952K, 0% used [0x00000000d5580000,0x00000000d5580000,0x00000000e4d80000)
  from space 31744K, 99% used [0x00000000e4d80000,0x00000000e6c7d7a0,0x00000000e6c80000)
  to   space 38400K, 0% used [0x00000000ede00000,0x00000000ede00000,0x00000000f0380000)
 ParOldGen       total 119808K, used 48385K [0x0000000080000000, 0x0000000087500000, 0x00000000d5580000)
  object space 119808K, 40% used [0x0000000080000000,0x0000000082f40500,0x0000000087500000)
 Metaspace       used 65124K, capacity 69412K, committed 69528K, reserved 1107968K
  class space    used 9218K, capacity 10338K, committed 10416K, reserved 1048576K
}
Event: 23.727 GC heap before
{Heap before GC invocations=15 (full 3):
 PSYoungGen      total 285696K, used 285685K [0x00000000d5580000, 0x00000000f0380000, 0x0000000100000000)
  eden space 253952K, 100% used [0x00000000d5580000,0x00000000e4d80000,0x00000000e4d80000)
  from space 31744K, 99% used [0x00000000e4d80000,0x00000000e6c7d7a0,0x00000000e6c80000)
  to   space 38400K, 0% used [0x00000000ede00000,0x00000000ede00000,0x00000000f0380000)
 ParOldGen       total 119808K, used 48385K [0x0000000080000000, 0x0000000087500000, 0x00000000d5580000)
  object space 119808K, 40% used [0x0000000080000000,0x0000000082f40500,0x0000000087500000)
 Metaspace       used 74221K, capacity 79994K, committed 80152K, reserved 1118208K
  class space    used 10440K, capacity 11981K, committed 12080K, reserved 1048576K
Event: 23.780 GC heap after
Heap after GC invocations=15 (full 3):
 PSYoungGen      total 386048K, used 38385K [0x00000000d5580000, 0x00000000f1b00000, 0x0000000100000000)
  eden space 347648K, 0% used [0x00000000d5580000,0x00000000d5580000,0x00000000ea900000)
  from space 38400K, 99% used [0x00000000ede00000,0x00000000f037c4d0,0x00000000f0380000)
  to   space 54272K, 0% used [0x00000000ea900000,0x00000000ea900000,0x00000000ede00000)
 ParOldGen       total 119808K, used 75161K [0x0000000080000000, 0x0000000087500000, 0x00000000d5580000)
  object space 119808K, 62% used [0x0000000080000000,0x0000000084966790,0x0000000087500000)
 Metaspace       used 74221K, capacity 79994K, committed 80152K, reserved 1118208K
  class space    used 10440K, capacity 11981K, committed 12080K, reserved 1048576K
}
Event: 26.377 GC heap before
{Heap before GC invocations=16 (full 3):
 PSYoungGen      total 386048K, used 386033K [0x00000000d5580000, 0x00000000f1b00000, 0x0000000100000000)
  eden space 347648K, 100% used [0x00000000d5580000,0x00000000ea900000,0x00000000ea900000)
  from space 38400K, 99% used [0x00000000ede00000,0x00000000f037c4d0,0x00000000f0380000)
  to   space 54272K, 0% used [0x00000000ea900000,0x00000000ea900000,0x00000000ede00000)
 ParOldGen       total 119808K, used 75161K [0x0000000080000000, 0x0000000087500000, 0x00000000d5580000)
  object space 119808K, 62% used [0x0000000080000000,0x0000000084966790,0x0000000087500000)
 Metaspace       used 76938K, capacity 83300K, committed 83352K, reserved 1120256K
  class space    used 10802K, capacity 12432K, committed 12464K, reserved 1048576K

